Server online on port 5000
Got status request.
Invalid session request.
Got status request.
Invalid session request.
Got status request.
Invalid session request.
Got status request.
Invalid session request.
Player 0 has the 2 of clubs.
Hand request from: Sponge13
Hand request from: Damage
Hand request from: Daniel Mexico City Daniels
3 requested playable card set.
0 requested playable card set.
Hand request from: Ancient Sumerian Curse
1 requested playable card set.
2 requested playable card set.
Got pass request from player 1, passing to 2
Got pass request from player 2, passing to 3
Got pass request from player 3, passing to 0
Got pass request from player 0, passing to 1
Saved passes to games/hearts_game_1601601327645_1_pass.csv
Player 0 has the 2 of clubs.
Hand request from: Sponge13
Got status request.
Hand request from: Damage
3 requested playable card set.
Got status request.
0 requested playable card set.
Hand request from: Sponge13
Hand request from: Ancient Sumerian Curse
Got status request.
0 requested playable card set.
Hand request from: Damage
0 requested playable card set.
2 requested playable card set.
0 requested playable card set.
Hand request from: Ancient Sumerian Curse
Got status request.
Hand request from: Daniel Mexico City Daniels
1 requested playable card set.
Hand request from: Daniel Mexico City Daniels
0 plays 2c
1 requested playable card set.
1 plays Ac
2 requested playable card set.
2 plays Ad
3 requested playable card set.
3 plays Kc
1 requested playable card set.
1 plays Js
2 requested playable card set.
2 plays 7s
3 requested playable card set.
3 plays As
0 requested playable card set.
0 plays 8s
3 requested playable card set.
3 plays 9c
0 requested playable card set.
0 plays 8c
1 requested playable card set.
1 plays 5c
2 requested playable card set.
2 plays 10d
3 requested playable card set.
3 plays 8d
0 requested playable card set.
0 plays Jd
1 requested playable card set.
1 plays Kd
2 requested playable card set.
2 plays 9d
1 requested playable card set.
1 plays 10s
2 requested playable card set.
2 plays 5s
3 requested playable card set.
3 plays Ks
0 requested playable card set.
0 plays 6s
3 requested playable card set.
3 plays 2s
0 requested playable card set.
0 plays 3c
1 requested playable card set.
1 plays 4s
2 requested playable card set.
2 plays 9h
[ALERT] Points have been broken!
1 requested playable card set.
1 plays 4c
2 requested playable card set.
2 plays Kh
3 requested playable card set.
3 plays Qs
0 requested playable card set.
0 plays Qc
0 requested playable card set.
0 plays 7c
1 requested playable card set.
1 plays Qd
2 requested playable card set.
2 plays 8h
3 requested playable card set.
3 plays 9s
0 requested playable card set.
0 plays Qh
1 requested playable card set.
1 plays Jh
2 requested playable card set.
2 plays 7h
3 requested playable card set.
3 plays 3s
0 requested playable card set.
0 plays Jc
1 requested playable card set.
1 plays 10h
2 requested playable card set.
2 plays 6h
3 requested playable card set.
3 plays 7d
0 requested playable card set.
0 plays 10c
1 requested playable card set.
1 plays 6d
2 requested playable card set.
2 plays 4h
3 requested playable card set.
3 plays 5d
0 requested playable card set.
0 plays 6c
1 requested playable card set.
1 plays 5h
2 requested playable card set.
2 plays 2h
3 requested playable card set.
3 plays 4d
0 requested playable card set.
0 plays Ah
1 requested playable card set.
1 plays 3h
2 requested playable card set.
2 plays 2d
3 requested playable card set.
3 plays 3d
Player 1 has the 2 of clubs.
Saved actions to games/hearts_game_1601601327645_1.csv
0 requested playable card set.
Hand request from: Damage
Hand request from: Sponge13
Hand request from: Daniel Mexico City Daniels
Hand request from: Ancient Sumerian Curse
3 requested playable card set.
0 requested playable card set.
2 requested playable card set.
1 requested playable card set.
Got pass request from player 0, passing to 3
Got pass request from player 1, passing to 0
Got pass request from player 3, passing to 2
Got pass request from player 2, passing to 1
Saved passes to games/hearts_game_1601601327645_2_pass.csv
Player 0 has the 2 of clubs.
Hand request from: Damage
Got status request.
0 requested playable card set.
Hand request from: Damage
0 requested playable card set.
0 requested playable card set.
Got status request.
Hand request from: Daniel Mexico City Daniels
1 requested playable card set.
0 requested playable card set.
Hand request from: Ancient Sumerian Curse
Got status request.
Got status request.
Hand request from: Sponge13
3 requested playable card set.
Hand request from: Daniel Mexico City Daniels
2 requested playable card set.
3 requested playable card set.
Hand request from: Sponge13
2 requested playable card set.
Hand request from: Ancient Sumerian Curse
0 plays 2c
1 requested playable card set.
1 plays Ac
2 requested playable card set.
2 plays Jc
3 requested playable card set.
3 plays Kc
1 requested playable card set.
1 plays Js
2 requested playable card set.
2 plays 8s
3 requested playable card set.
3 plays 10s
0 requested playable card set.
0 plays Ks
0 requested playable card set.
0 plays 6s
1 requested playable card set.
1 plays 5s
2 requested playable card set.
2 plays 7s
3 requested playable card set.
3 plays As
3 requested playable card set.
3 plays 9s
0 requested playable card set.
0 plays 3s
1 requested playable card set.
1 plays 7h
2 requested playable card set.
2 plays 4s
[ALERT] Points have been broken!
3 requested playable card set.
3 plays Kh
0 requested playable card set.
0 plays Ah
1 requested playable card set.
1 plays 5h
2 requested playable card set.
2 plays Qh
0 requested playable card set.
0 plays 3d
1 requested playable card set.
1 plays Qd
2 requested playable card set.
2 plays Jd
3 requested playable card set.
3 plays Jh
1 requested playable card set.
1 plays 4c
2 requested playable card set.
2 plays Qs
3 requested playable card set.
3 plays 5c
0 requested playable card set.
0 plays 10h
3 requested playable card set.
3 plays 2h
0 requested playable card set.
0 plays 3h
1 requested playable card set.
1 plays 7d
2 requested playable card set.
2 plays 6h
2 requested playable card set.
2 plays 4h
3 requested playable card set.
3 plays 10c
0 requested playable card set.
0 plays 9h
1 requested playable card set.
1 plays 6d
0 requested playable card set.
0 plays 2d
1 requested playable card set.
1 plays 4d
2 requested playable card set.
2 plays 5d
3 requested playable card set.
3 plays 9c
2 requested playable card set.
2 plays 10d
3 requested playable card set.
3 plays 8c
0 requested playable card set.
0 plays Kd
1 requested playable card set.
1 plays Qc
0 requested playable card set.
0 plays Ad
1 requested playable card set.
1 plays 6c
2 requested playable card set.
2 plays 9d
3 requested playable card set.
3 plays 7c
0 requested playable card set.
0 plays 8h
1 requested playable card set.
1 plays 3c
2 requested playable card set.
2 plays 8d
3 requested playable card set.
3 plays 2s
Player 2 has the 2 of clubs.
Saved actions to games/hearts_game_1601601327645_2.csv
0 requested playable card set.
Hand request from: Damage
Hand request from: Daniel Mexico City Daniels
Hand request from: Sponge13
1 requested playable card set.
0 requested playable card set.
3 requested playable card set.
Hand request from: Ancient Sumerian Curse
2 requested playable card set.
Got pass request from player 1, passing to 3
Got pass request from player 0, passing to 2
Got pass request from player 3, passing to 1
Got pass request from player 2, passing to 0
Saved passes to games/hearts_game_1601601327645_3_pass.csv
Player 0 has the 2 of clubs.
Hand request from: Damage
Got status request.
0 requested playable card set.
Got status request.
3 requested playable card set.
Hand request from: Sponge13
Hand request from: Damage
0 requested playable card set.
0 requested playable card set.
Hand request from: Sponge13
0 requested playable card set.
Hand request from: Daniel Mexico City Daniels
Got status request.
1 requested playable card set.
Hand request from: Daniel Mexico City Daniels
Hand request from: Ancient Sumerian Curse
Got status request.
2 requested playable card set.
Hand request from: Ancient Sumerian Curse
0 plays 2c
1 requested playable card set.
1 plays 9c
2 requested playable card set.
2 plays Kc
3 requested playable card set.
3 plays 7c
2 requested playable card set.
2 plays 10d
3 requested playable card set.
3 plays 6c
0 requested playable card set.
0 plays 7d
1 requested playable card set.
1 plays 3d
2 requested playable card set.
2 plays Jd
3 requested playable card set.
3 plays Kh
0 requested playable card set.
0 plays 6d
1 requested playable card set.
1 plays Kd
[ALERT] Points have been broken!
1 requested playable card set.
1 plays 10s
2 requested playable card set.
2 plays 9s
3 requested playable card set.
3 plays Js
0 requested playable card set.
0 plays 8s
3 requested playable card set.
3 plays 3h
0 requested playable card set.
0 plays 4h
1 requested playable card set.
1 plays Ah
2 requested playable card set.
2 plays Jh
1 requested playable card set.
1 plays 4s
2 requested playable card set.
2 plays Qs
3 requested playable card set.
3 plays 6s
0 requested playable card set.
0 plays 7s
2 requested playable card set.
2 plays 8h
3 requested playable card set.
3 plays 7h
0 requested playable card set.
0 plays Jc
1 requested playable card set.
1 plays Ac
2 requested playable card set.
2 plays 10h
3 requested playable card set.
3 plays 9h
0 requested playable card set.
0 plays 10c
1 requested playable card set.
1 plays 9d
2 requested playable card set.
2 plays 2h
3 requested playable card set.
3 plays Qh
0 requested playable card set.
0 plays Qc
1 requested playable card set.
1 plays As
3 requested playable card set.
3 plays 3c
0 requested playable card set.
0 plays 5c
1 requested playable card set.
1 plays Ks
2 requested playable card set.
2 plays Ad
0 requested playable card set.
0 plays 4d
1 requested playable card set.
1 plays 2d
2 requested playable card set.
2 plays 5d
3 requested playable card set.
3 plays 6h
2 requested playable card set.
2 plays Qd
3 requested playable card set.
3 plays 5h
0 requested playable card set.
0 plays 8c
1 requested playable card set.
1 plays 3s
2 requested playable card set.
2 plays 8d
3 requested playable card set.
3 plays 5s
0 requested playable card set.
0 plays 4c
1 requested playable card set.
1 plays 2s
Player 1 has the 2 of clubs.
Player 1 has the 2 of clubs.
Saved actions to games/hearts_game_1601601327645_3.csv
1 requested playable card set.
Hand request from: Sponge13
Hand request from: Damage
Got status request.
Got status request.
Hand request from: Sponge13
Hand request from: Daniel Mexico City Daniels
Hand request from: Damage
Got status request.
1 requested playable card set.
1 requested playable card set.
1 requested playable card set.
Hand request from: Daniel Mexico City Daniels
1 requested playable card set.
Got status request.
Hand request from: Ancient Sumerian Curse
Hand request from: Ancient Sumerian Curse
1 plays 2c
2 requested playable card set.
2 plays Jc
3 requested playable card set.
3 plays Ac
0 requested playable card set.
0 plays Qc
3 requested playable card set.
3 plays 4d
0 requested playable card set.
0 plays 7d
1 requested playable card set.
1 plays Ad
2 requested playable card set.
2 plays Qd
1 requested playable card set.
1 plays 9d
2 requested playable card set.
2 plays 6d
3 requested playable card set.
3 plays Jd
0 requested playable card set.
0 plays 3d
3 requested playable card set.
3 plays Kd
0 requested playable card set.
0 plays As
1 requested playable card set.
1 plays 8d
2 requested playable card set.
2 plays 10d
3 requested playable card set.
3 plays 3s
0 requested playable card set.
0 plays 10s
1 requested playable card set.
1 plays 9s
2 requested playable card set.
2 plays Js
2 requested playable card set.
2 plays 6c
3 requested playable card set.
3 plays Qs
0 requested playable card set.
0 plays 5c
1 requested playable card set.
1 plays 4c
2 requested playable card set.
2 plays 5d
3 requested playable card set.
3 plays Kh
0 requested playable card set.
0 plays Jh
1 requested playable card set.
1 plays 5s
[ALERT] Points have been broken!
2 requested playable card set.
2 plays 2d
3 requested playable card set.
3 plays 7h
0 requested playable card set.
0 plays 6s
1 requested playable card set.
1 plays 7s
2 requested playable card set.
2 plays 10h
3 requested playable card set.
3 plays 6h
0 requested playable card set.
0 plays Qh
1 requested playable card set.
1 plays Ks
0 requested playable card set.
0 plays 5h
1 requested playable card set.
1 plays Kc
2 requested playable card set.
2 plays 4h
3 requested playable card set.
3 plays 3h
0 requested playable card set.
0 plays 4s
1 requested playable card set.
1 plays 10c
2 requested playable card set.
2 plays 8s
3 requested playable card set.
3 plays 2s
2 requested playable card set.
2 plays 9h
3 requested playable card set.
3 plays 2h
0 requested playable card set.
0 plays 9c
1 requested playable card set.
1 plays 8c
2 requested playable card set.
2 plays 8h
3 requested playable card set.
3 plays Ah
0 requested playable card set.
0 plays 7c
1 requested playable card set.
1 plays 3c
Player 2 has the 2 of clubs.
Saved actions to games/hearts_game_1601601327645_4.csv
3 requested playable card set.
Hand request from: Damage
Hand request from: Ancient Sumerian Curse
Hand request from: Sponge13
Hand request from: Daniel Mexico City Daniels
0 requested playable card set.
3 requested playable card set.
1 requested playable card set.
2 requested playable card set.
Got pass request from player 1, passing to 2
Got pass request from player 3, passing to 0
Got pass request from player 0, passing to 1
Got pass request from player 2, passing to 3
Saved passes to games/hearts_game_1601601327645_5_pass.csv
Player 2 has the 2 of clubs.
Got status request.
Hand request from: Damage
0 requested playable card set.
Hand request from: Damage
Got status request.
Hand request from: Sponge13
3 requested playable card set.
Hand request from: Daniel Mexico City Daniels
Got status request.
Hand request from: Ancient Sumerian Curse
1 requested playable card set.
Got status request.
Hand request from: Sponge13
2 requested playable card set.
Hand request from: Daniel Mexico City Daniels
2 requested playable card set.
Hand request from: Ancient Sumerian Curse
2 requested playable card set.
2 requested playable card set.
2 plays 2c
3 requested playable card set.
3 plays 4c
0 requested playable card set.
0 plays Ac
1 requested playable card set.
1 plays Kc
0 requested playable card set.
0 plays 9s
1 requested playable card set.
1 plays Js
2 requested playable card set.
2 plays 8s
3 requested playable card set.
3 plays 10s
1 requested playable card set.
1 plays Jc
2 requested playable card set.
2 plays 9c
3 requested playable card set.
3 plays 3c
0 requested playable card set.
0 plays Jh
[ALERT] Points have been broken!
1 requested playable card set.
1 plays 10c
2 requested playable card set.
2 plays 7c
3 requested playable card set.
3 plays 10h
0 requested playable card set.
0 plays Kd
1 requested playable card set.
1 plays 8c
2 requested playable card set.
2 plays Qc
3 requested playable card set.
3 plays 9h
0 requested playable card set.
0 plays Ad
2 requested playable card set.
2 plays 8h
3 requested playable card set.
3 plays Qd
0 requested playable card set.
0 plays 7h
1 requested playable card set.
1 plays Kh
1 requested playable card set.
1 plays 2d
2 requested playable card set.
2 plays 10d
3 requested playable card set.
3 plays 7d
0 requested playable card set.
0 plays Jd
0 requested playable card set.
0 plays 4h
1 requested playable card set.
1 plays 3h
2 requested playable card set.
2 plays As
3 requested playable card set.
3 plays 6d
0 requested playable card set.
0 plays 7s
1 requested playable card set.
1 plays Qs
2 requested playable card set.
2 plays 4s
3 requested playable card set.
3 plays 6s
1 requested playable card set.
1 plays 5h
2 requested playable card set.
2 plays 8d
3 requested playable card set.
3 plays 5d
0 requested playable card set.
0 plays 6h
0 requested playable card set.
0 plays 2h
1 requested playable card set.
1 plays Qh
2 requested playable card set.
2 plays 4d
3 requested playable card set.
3 plays 5s
1 requested playable card set.
1 plays 6c
2 requested playable card set.
2 plays Ks
3 requested playable card set.
3 plays 3d
0 requested playable card set.
0 plays Ah
1 requested playable card set.
1 plays 5c
2 requested playable card set.
2 plays 3s
3 requested playable card set.
3 plays 2s
0 requested playable card set.
0 plays 9d
Player 2 has the 2 of clubs.
Saved actions to games/hearts_game_1601601327645_5.csv
1 requested playable card set.
Hand request from: Damage
Hand request from: Daniel Mexico City Daniels
Hand request from: Ancient Sumerian Curse
Hand request from: Sponge13
0 requested playable card set.
1 requested playable card set.
3 requested playable card set.
2 requested playable card set.
Got pass request from player 2, passing to 1
Got pass request from player 3, passing to 2
Got pass request from player 0, passing to 3
Got pass request from player 1, passing to 0
Saved passes to games/hearts_game_1601601327645_6_pass.csv
Player 2 has the 2 of clubs.
Hand request from: Damage
Hand request from: Sponge13
3 requested playable card set.
Got status request.
Got status request.
0 requested playable card set.
3 requested playable card set.
Got status request.
Hand request from: Damage
Hand request from: Ancient Sumerian Curse
Hand request from: Sponge13
2 requested playable card set.
2 requested playable card set.
Hand request from: Ancient Sumerian Curse
Got status request.
Hand request from: Daniel Mexico City Daniels
1 requested playable card set.
2 requested playable card set.
Hand request from: Daniel Mexico City Daniels
2 requested playable card set.
2 plays 2c
3 requested playable card set.
3 plays 10c
0 requested playable card set.
0 plays Jc
1 requested playable card set.
1 plays 6c
0 requested playable card set.
0 plays Jd
1 requested playable card set.
1 plays Kd
2 requested playable card set.
2 plays 10h
3 requested playable card set.
3 plays Ad
[ALERT] Points have been broken!
3 requested playable card set.
3 plays 9d
0 requested playable card set.
0 plays 9h
1 requested playable card set.
1 plays 10d
2 requested playable card set.
2 plays Jh
1 requested playable card set.
1 plays 5c
2 requested playable card set.
2 plays 4c
3 requested playable card set.
3 plays As
0 requested playable card set.
0 plays 9c
0 requested playable card set.
0 plays 2h
1 requested playable card set.
1 plays 8h
2 requested playable card set.
2 plays 6h
3 requested playable card set.
3 plays 3h
1 requested playable card set.
1 plays 4h
2 requested playable card set.
2 plays Ac
3 requested playable card set.
3 plays Ks
0 requested playable card set.
0 plays 7h
0 requested playable card set.
0 plays 9s
1 requested playable card set.
1 plays 8s
2 requested playable card set.
2 plays 10s
3 requested playable card set.
3 plays Js
3 requested playable card set.
3 plays 2s
0 requested playable card set.
0 plays 7s
1 requested playable card set.
1 plays 4s
2 requested playable card set.
2 plays 6s
0 requested playable card set.
0 plays 3s
1 requested playable card set.
1 plays Qs
2 requested playable card set.
2 plays 5s
3 requested playable card set.
3 plays 7d
1 requested playable card set.
1 plays 4d
2 requested playable card set.
2 plays Kc
3 requested playable card set.
3 plays 3d
0 requested playable card set.
0 plays 8c
1 requested playable card set.
1 plays Qh
2 requested playable card set.
2 plays Qc
3 requested playable card set.
3 plays 6d
0 requested playable card set.
0 plays 5h
1 requested playable card set.
1 plays 8d
2 requested playable card set.
2 plays 7c
3 requested playable card set.
3 plays 5d
0 requested playable card set.
0 plays Kh
1 requested playable card set.
1 plays Qd
2 requested playable card set.
2 plays 3c
3 requested playable card set.
3 plays 2d
0 requested playable card set.
0 plays Ah
Player 2 has the 2 of clubs.
Saved actions to games/hearts_game_1601601327645_6.csv
1 requested playable card set.
Hand request from: Damage
Hand request from: Ancient Sumerian Curse
Hand request from: Sponge13
Hand request from: Daniel Mexico City Daniels
0 requested playable card set.
3 requested playable card set.
1 requested playable card set.
2 requested playable card set.
Got pass request from player 0, passing to 2
Got pass request from player 2, passing to 0
Got pass request from player 1, passing to 3
Got pass request from player 3, passing to 1
Saved passes to games/hearts_game_1601601327645_7_pass.csv
Player 0 has the 2 of clubs.
Hand request from: Damage
Got status request.
0 requested playable card set.
3 requested playable card set.
Got status request.
Hand request from: Sponge13
Got status request.
Hand request from: Daniel Mexico City Daniels
1 requested playable card set.
Hand request from: Sponge13
Hand request from: Daniel Mexico City Daniels
0 requested playable card set.
Hand request from: Damage
Got status request.
Hand request from: Ancient Sumerian Curse
0 requested playable card set.
2 requested playable card set.
0 requested playable card set.
Hand request from: Ancient Sumerian Curse
0 plays 2c
1 requested playable card set.
1 plays Kc
2 requested playable card set.
2 plays Qd
3 requested playable card set.
3 plays 8s
1 requested playable card set.
1 plays 3s
2 requested playable card set.
2 plays 10s
3 requested playable card set.
3 plays 7s
0 requested playable card set.
0 plays 9s
2 requested playable card set.
2 plays 9d
3 requested playable card set.
3 plays Qh
0 requested playable card set.
0 plays 5h
1 requested playable card set.
1 plays Ad
[ALERT] Points have been broken!
1 requested playable card set.
1 plays 10h
2 requested playable card set.
2 plays 7h
3 requested playable card set.
3 plays Ah
0 requested playable card set.
0 plays Kh
3 requested playable card set.
3 plays 6s
0 requested playable card set.
0 plays Ac
1 requested playable card set.
1 plays Jc
2 requested playable card set.
2 plays As
2 requested playable card set.
2 plays 8d
3 requested playable card set.
3 plays Jh
0 requested playable card set.
0 plays Qc
1 requested playable card set.
1 plays Kd
1 requested playable card set.
1 plays 6c
2 requested playable card set.
2 plays Qs
3 requested playable card set.
3 plays 9h
0 requested playable card set.
0 plays 5c
1 requested playable card set.
1 plays 4d
2 requested playable card set.
2 plays 3d
3 requested playable card set.
3 plays 8h
0 requested playable card set.
0 plays 10c
1 requested playable card set.
1 plays 7d
2 requested playable card set.
2 plays 5d
3 requested playable card set.
3 plays 6h
0 requested playable card set.
0 plays 9c
1 requested playable card set.
1 plays 10d
2 requested playable card set.
2 plays 2d
3 requested playable card set.
3 plays 4h
0 requested playable card set.
0 plays 7c
1 requested playable card set.
1 plays Jd
2 requested playable card set.
2 plays Ks
3 requested playable card set.
3 plays 3h
0 requested playable card set.
0 plays 4c
1 requested playable card set.
1 plays 8c
2 requested playable card set.
2 plays Js
3 requested playable card set.
3 plays 5s
0 requested playable card set.
0 plays 3c
1 requested playable card set.
1 plays 6d
2 requested playable card set.
2 plays 2s
3 requested playable card set.
3 plays 4s
0 requested playable card set.
0 plays 2h
Player 2 has the 2 of clubs.
Player 2 has the 2 of clubs.
Saved actions to games/hearts_game_1601601327645_7.csv
2 requested playable card set.
Hand request from: Damage
Got status request.
Hand request from: Ancient Sumerian Curse
Got status request.
Hand request from: Sponge13
Hand request from: Damage
2 requested playable card set.
Hand request from: Daniel Mexico City Daniels
Got status request.
Got status request.
Hand request from: Sponge13
2 requested playable card set.
Hand request from: Ancient Sumerian Curse
Hand request from: Daniel Mexico City Daniels
2 requested playable card set.
2 requested playable card set.
2 plays 2c
3 requested playable card set.
3 plays Jc
0 requested playable card set.
0 plays Kc
1 requested playable card set.
1 plays Ac
1 requested playable card set.
1 plays 4c
2 requested playable card set.
2 plays Qc
3 requested playable card set.
3 plays 7c
0 requested playable card set.
0 plays 10c
2 requested playable card set.
2 plays 10d
3 requested playable card set.
3 plays Kd
0 requested playable card set.
0 plays 9d
1 requested playable card set.
1 plays 8d
3 requested playable card set.
3 plays 8s
0 requested playable card set.
0 plays 10s
1 requested playable card set.
1 plays 5s
2 requested playable card set.
2 plays Js
2 requested playable card set.
2 plays 4d
3 requested playable card set.
3 plays Qd
0 requested playable card set.
0 plays 6d
1 requested playable card set.
1 plays 7d
3 requested playable card set.
3 plays 6s
0 requested playable card set.
0 plays 9s
1 requested playable card set.
1 plays 4s
2 requested playable card set.
2 plays 7s
0 requested playable card set.
0 plays 8c
1 requested playable card set.
1 plays 10h
2 requested playable card set.
2 plays 9c
3 requested playable card set.
3 plays Ks
[ALERT] Points have been broken!
2 requested playable card set.
2 plays Ah
3 requested playable card set.
3 plays 4h
0 requested playable card set.
0 plays 5h
1 requested playable card set.
1 plays 3h
2 requested playable card set.
2 plays 7h
3 requested playable card set.
3 plays Qh
0 requested playable card set.
0 plays Jh
1 requested playable card set.
1 plays Kh
1 requested playable card set.
1 plays 3s
2 requested playable card set.
2 plays Qs
3 requested playable card set.
3 plays Jd
0 requested playable card set.
0 plays As
0 requested playable card set.
0 plays 3c
1 requested playable card set.
1 plays 3d
2 requested playable card set.
2 plays 6c
3 requested playable card set.
3 plays 9h
2 requested playable card set.
2 plays 6h
3 requested playable card set.
3 plays 2h
0 requested playable card set.
0 plays Ad
1 requested playable card set.
1 plays 2d
2 requested playable card set.
2 plays 5c
3 requested playable card set.
3 plays 8h
0 requested playable card set.
0 plays 5d
1 requested playable card set.
1 plays 2s
Player 3 has the 2 of clubs.
Saved actions to games/hearts_game_1601601327645_8.csv
2 requested playable card set.
Hand request from: Damage
0 requested playable card set.
Hand request from: Sponge13
Hand request from: Daniel Mexico City Daniels
3 requested playable card set.
Hand request from: Ancient Sumerian Curse
1 requested playable card set.
2 requested playable card set.
Got pass request from player 1, passing to 2
Got pass request from player 2, passing to 3
Got pass request from player 3, passing to 0
Got pass request from player 0, passing to 1
Saved passes to games/hearts_game_1601601327645_9_pass.csv
Player 3 has the 2 of clubs.
Hand request from: Damage
Got status request.
Hand request from: Sponge13
3 requested playable card set.
Got status request.
0 requested playable card set.
Hand request from: Daniel Mexico City Daniels
Got status request.
1 requested playable card set.
Hand request from: Damage
3 requested playable card set.
Hand request from: Sponge13
3 requested playable card set.
Hand request from: Daniel Mexico City Daniels
3 requested playable card set.
Hand request from: Ancient Sumerian Curse
Got status request.
2 requested playable card set.
Hand request from: Ancient Sumerian Curse
3 plays 2c
0 requested playable card set.
0 plays Qd
1 requested playable card set.
1 plays Kc
2 requested playable card set.
2 plays Qc
1 requested playable card set.
1 plays 7s
2 requested playable card set.
2 plays 4s
3 requested playable card set.
3 plays 10s
0 requested playable card set.
0 plays Ks
0 requested playable card set.
0 plays Jd
1 requested playable card set.
1 plays 7d
2 requested playable card set.
2 plays Kd
3 requested playable card set.
3 plays 9d
2 requested playable card set.
2 plays 2s
3 requested playable card set.
3 plays 6s
0 requested playable card set.
0 plays Js
1 requested playable card set.
1 plays 5s
0 requested playable card set.
0 plays 10d
1 requested playable card set.
1 plays 4d
2 requested playable card set.
2 plays 10c
3 requested playable card set.
3 plays 8d
0 requested playable card set.
0 plays 5d
1 requested playable card set.
1 plays Jc
2 requested playable card set.
2 plays 9c
3 requested playable card set.
3 plays 6d
3 requested playable card set.
3 plays 2d
0 requested playable card set.
0 plays 3d
1 requested playable card set.
1 plays 7c
2 requested playable card set.
2 plays 6c
0 requested playable card set.
0 plays 9s
1 requested playable card set.
1 plays 3s
2 requested playable card set.
2 plays 10h
3 requested playable card set.
3 plays As
[ALERT] Points have been broken!
3 requested playable card set.
3 plays 3c
0 requested playable card set.
0 plays Qs
1 requested playable card set.
1 plays Kh
2 requested playable card set.
2 plays Ah
3 requested playable card set.
3 plays Ac
0 requested playable card set.
0 plays 8s
1 requested playable card set.
1 plays 8h
2 requested playable card set.
2 plays 6h
3 requested playable card set.
3 plays 8c
0 requested playable card set.
0 plays 9h
1 requested playable card set.
1 plays 7h
2 requested playable card set.
2 plays 5h
3 requested playable card set.
3 plays 5c
0 requested playable card set.
0 plays Jh
1 requested playable card set.
1 plays 3h
2 requested playable card set.
2 plays 4h
3 requested playable card set.
3 plays 4c
0 requested playable card set.
0 plays Ad
1 requested playable card set.
1 plays Qh
2 requested playable card set.
2 plays 2h
3 requested playable card set.
Attempting to end the game.
Showing end game!
